[2025-10-29T16:53:16.889Z] [INFO] [file-manager] SUCCESS: File written: state/workflow-status.json
[2025-10-29T16:53:16.890Z] [INFO] [file-manager] SUCCESS: File written: state/workflow-status.json
[2025-10-29T16:53:56.892Z] [INFO] [file-manager] SUCCESS: File written: docs/spec.md
[2025-10-29T16:53:56.893Z] [INFO] [file-manager] SUCCESS: File written: state/workflow-status.json
[2025-10-29T16:53:56.893Z] [INFO] [file-manager] SUCCESS: File written: state/workflow-status.json
[2025-10-29T16:53:56.894Z] [INFO] [file-manager] SUCCESS: File written: state/workflow-status.json
[2025-10-29T16:53:56.895Z] [INFO] [file-manager] SUCCESS: File written: state/workflow-status.json
[2025-10-29T16:54:31.394Z] [INFO] [file-manager] SUCCESS: File written: src/__tests__/unit/repeatUtils.spec.ts
[2025-10-29T16:54:31.394Z] [INFO] [file-manager] SUCCESS: File written: src/__tests__/unit/dateUtils.spec.ts
[2025-10-29T16:54:31.395Z] [INFO] [file-manager] SUCCESS: File written: src/__tests__/hooks/useEventForm.spec.ts
[2025-10-29T16:54:33.941Z] [INFO] [file-manager] SUCCESS: File written: state/workflow-status.json
[2025-10-29T16:54:33.941Z] [INFO] [file-manager] SUCCESS: File written: state/workflow-status.json
[2025-10-29T16:54:33.941Z] [INFO] [file-manager] SUCCESS: File written: state/workflow-status.json
[2025-10-29T16:54:33.941Z] [INFO] [file-manager] SUCCESS: File written: state/workflow-status.json
[2025-10-29T16:54:33.942Z] [INFO] [file-manager] SUCCESS: File written: state/workflow-status.json
[2025-10-29T16:55:36.647Z] [INFO] [file-manager] SUCCESS: File written: src/App.tsx
[2025-10-29T16:55:36.648Z] [INFO] [file-manager] SUCCESS: File written: src/hooks/useEventForm.ts
[2025-10-29T16:55:36.648Z] [INFO] [file-manager] SUCCESS: File written: src/hooks/useEventOperations.ts
[2025-10-29T16:55:36.649Z] [INFO] [file-manager] SUCCESS: File written: src/utils/repeatUtils.ts
[2025-10-29T16:55:44.549Z] [INFO] [file-manager] SUCCESS: File written: state/workflow-status.json
[2025-10-29T16:55:44.550Z] [INFO] [file-manager] SUCCESS: File written: state/workflow-status.json
[2025-10-29T16:55:44.550Z] [INFO] [file-manager] SUCCESS: File written: state/workflow-status.json
[2025-10-29T16:59:59.979Z] [INFO] [file-manager] SUCCESS: File written: state/workflow-status.json
[2025-10-29T16:59:59.980Z] [INFO] [file-manager] SUCCESS: File written: state/workflow-status.json
[2025-10-29T17:00:38.364Z] [INFO] [file-manager] SUCCESS: File written: docs/spec.md
[2025-10-29T17:00:38.365Z] [INFO] [file-manager] SUCCESS: File written: state/workflow-status.json
[2025-10-29T17:00:38.365Z] [INFO] [file-manager] SUCCESS: File written: state/workflow-status.json
[2025-10-29T17:00:38.366Z] [INFO] [file-manager] SUCCESS: File written: state/workflow-status.json
[2025-10-29T17:00:38.366Z] [INFO] [file-manager] SUCCESS: File written: state/workflow-status.json
[2025-10-29T17:01:12.663Z] [INFO] [file-manager] SUCCESS: File written: src/__tests__/unit/repeatUtils.spec.ts
[2025-10-29T17:01:12.664Z] [INFO] [file-manager] SUCCESS: File written: src/__tests__/unit/dateUtils.spec.ts
[2025-10-29T17:01:20.433Z] [INFO] [file-manager] SUCCESS: File written: state/workflow-status.json
[2025-10-29T17:01:20.433Z] [INFO] [file-manager] SUCCESS: File written: state/workflow-status.json
[2025-10-29T17:01:20.433Z] [INFO] [file-manager] SUCCESS: File written: state/workflow-status.json
[2025-10-29T17:01:20.434Z] [INFO] [file-manager] SUCCESS: File written: state/workflow-status.json
[2025-10-29T17:01:20.434Z] [INFO] [file-manager] SUCCESS: File written: state/workflow-status.json
[2025-10-29T17:02:28.913Z] [INFO] [file-manager] SUCCESS: File written: src/App.tsx
[2025-10-29T17:02:31.461Z] [INFO] [file-manager] SUCCESS: File written: state/workflow-status.json
[2025-10-29T17:02:31.461Z] [INFO] [file-manager] SUCCESS: File written: state/workflow-status.json
[2025-10-29T17:02:31.461Z] [INFO] [file-manager] SUCCESS: File written: state/workflow-status.json
[2025-10-29T17:10:38.633Z] [INFO] [file-manager] SUCCESS: File written: state/workflow-status.json
[2025-10-29T17:10:38.637Z] [INFO] [file-manager] SUCCESS: File written: state/workflow-status.json
[2025-10-29T17:11:14.190Z] [INFO] [file-manager] SUCCESS: File written: docs/spec.md
[2025-10-29T17:11:14.364Z] [INFO] [file-manager] SUCCESS: File written: state/workflow-status.json
[2025-10-29T17:11:14.374Z] [INFO] [file-manager] SUCCESS: File written: state/workflow-status.json
[2025-10-29T17:11:14.384Z] [INFO] [file-manager] SUCCESS: File written: state/workflow-status.json
[2025-10-29T17:11:14.392Z] [INFO] [file-manager] SUCCESS: File written: state/workflow-status.json
[2025-10-29T17:11:51.156Z] [INFO] [file-manager] SUCCESS: File written: src/__tests__/unit/repeatUtils.spec.ts
[2025-10-29T17:11:51.160Z] [INFO] [file-manager] SUCCESS: File written: src/__tests__/hooks/useEventForm.spec.ts
[2025-10-29T17:11:51.165Z] [INFO] [file-manager] SUCCESS: File written: src/__tests__/hooks/useEventOperations.spec.ts
[2025-10-29T17:12:41.499Z] [INFO] [file-manager] SUCCESS: File written: state/workflow-status.json
[2025-10-29T17:12:41.501Z] [INFO] [file-manager] SUCCESS: File written: state/workflow-status.json
[2025-10-29T17:12:41.509Z] [INFO] [file-manager] SUCCESS: File written: state/workflow-status.json
[2025-10-29T17:12:41.511Z] [INFO] [file-manager] SUCCESS: File written: state/workflow-status.json
[2025-10-29T17:12:41.515Z] [INFO] [file-manager] SUCCESS: File written: state/workflow-status.json
[2025-10-29T17:14:13.796Z] [INFO] [file-manager] SUCCESS: File written: src/__tests__/hooks/useEventOperations.spec.ts
[2025-10-29T17:14:14.454Z] [INFO] [file-manager] SUCCESS: File written: src/hooks/useEventOperations.ts
[2025-10-29T17:14:14.457Z] [INFO] [file-manager] SUCCESS: File written: src/hooks/useEventForm.ts
[2025-10-29T17:14:14.463Z] [INFO] [file-manager] SUCCESS: File written: src/utils/repeatUtils.ts
[2025-10-29T17:14:14.471Z] [INFO] [file-manager] SUCCESS: File written: server.js
[2025-10-29T17:14:14.478Z] [INFO] [file-manager] SUCCESS: File written: src/App.tsx
[2025-10-29T17:14:34.179Z] [INFO] [file-manager] SUCCESS: File written: state/workflow-status.json
[2025-10-29T17:14:34.186Z] [INFO] [file-manager] SUCCESS: File written: state/workflow-status.json
[2025-10-29T17:14:34.186Z] [INFO] [file-manager] SUCCESS: File written: state/workflow-status.json
[2025-10-29T21:57:25.716Z] [INFO] [file-manager] SUCCESS: File written: state/workflow-status.json
[2025-10-29T21:57:25.717Z] [INFO] [file-manager] SUCCESS: File written: state/workflow-status.json
[2025-10-29T21:58:02.671Z] [INFO] [file-manager] SUCCESS: File written: docs/spec.md
[2025-10-29T21:58:02.672Z] [INFO] [file-manager] SUCCESS: File written: state/workflow-status.json
[2025-10-29T21:58:02.673Z] [INFO] [file-manager] SUCCESS: File written: state/workflow-status.json
[2025-10-29T21:58:02.673Z] [INFO] [file-manager] SUCCESS: File written: state/workflow-status.json
[2025-10-29T21:58:02.674Z] [INFO] [file-manager] SUCCESS: File written: state/workflow-status.json
[2025-10-29T21:58:37.993Z] [INFO] [file-manager] SUCCESS: File written: src/__tests__/unit/repeatUtils.spec.ts
[2025-10-29T21:58:37.994Z] [INFO] [file-manager] SUCCESS: File written: src/__tests__/hooks/useEventForm.spec.ts
[2025-10-29T21:58:40.991Z] [INFO] [file-manager] SUCCESS: File written: state/workflow-status.json
[2025-10-29T21:58:40.991Z] [INFO] [file-manager] SUCCESS: File written: state/workflow-status.json
[2025-10-29T21:58:40.991Z] [INFO] [file-manager] SUCCESS: File written: state/workflow-status.json
[2025-10-29T21:58:40.992Z] [INFO] [file-manager] SUCCESS: File written: state/workflow-status.json
[2025-10-29T21:58:40.992Z] [INFO] [file-manager] SUCCESS: File written: state/workflow-status.json
[2025-10-29T21:59:41.473Z] [INFO] [file-manager] SUCCESS: File written: src/__tests__/hooks/useEventForm.spec.ts
[2025-10-29T21:59:41.473Z] [INFO] [file-manager] SUCCESS: File written: src/types.ts
[2025-10-29T21:59:41.474Z] [INFO] [file-manager] SUCCESS: File written: src/hooks/useEventForm.ts
[2025-10-29T21:59:41.475Z] [INFO] [file-manager] SUCCESS: File written: src/hooks/useEventOperations.ts
[2025-10-29T21:59:41.476Z] [INFO] [file-manager] SUCCESS: File written: src/utils/repeatUtils.ts
[2025-10-29T21:59:41.476Z] [INFO] [file-manager] SUCCESS: File written: server.js
[2025-10-29T21:59:41.477Z] [INFO] [file-manager] SUCCESS: File written: src/App.tsx
[2025-10-29T21:59:44.963Z] [INFO] [file-manager] SUCCESS: File written: state/workflow-status.json
[2025-10-29T21:59:44.964Z] [INFO] [file-manager] SUCCESS: File written: state/workflow-status.json
[2025-10-29T21:59:44.964Z] [INFO] [file-manager] SUCCESS: File written: state/workflow-status.json
[2025-10-29T22:03:17.056Z] [INFO] [file-manager] SUCCESS: File written: state/workflow-status.json
[2025-10-29T22:03:17.056Z] [INFO] [file-manager] SUCCESS: File written: state/workflow-status.json
[2025-10-29T22:03:52.665Z] [INFO] [file-manager] SUCCESS: File written: docs/spec.md
[2025-10-29T22:03:52.665Z] [INFO] [file-manager] SUCCESS: File written: state/workflow-status.json
[2025-10-29T22:03:52.667Z] [INFO] [file-manager] SUCCESS: File written: state/workflow-status.json
[2025-10-29T22:03:52.668Z] [INFO] [file-manager] SUCCESS: File written: state/workflow-status.json
[2025-10-29T22:03:52.669Z] [INFO] [file-manager] SUCCESS: File written: state/workflow-status.json
[2025-10-29T22:04:29.139Z] [INFO] [file-manager] SUCCESS: File written: src/__tests__/unit/repeatUtils.spec.ts
[2025-10-29T22:04:29.140Z] [INFO] [file-manager] SUCCESS: File written: src/__tests__/hooks/useEventForm.spec.ts
[2025-10-29T22:04:29.141Z] [INFO] [file-manager] SUCCESS: File written: src/__tests__/hooks/useEventOperations.spec.ts
[2025-10-29T22:04:32.337Z] [INFO] [file-manager] SUCCESS: File written: state/workflow-status.json
[2025-10-29T22:04:32.338Z] [INFO] [file-manager] SUCCESS: File written: state/workflow-status.json
[2025-10-29T22:04:32.338Z] [INFO] [file-manager] SUCCESS: File written: state/workflow-status.json
[2025-10-29T22:04:32.339Z] [INFO] [file-manager] SUCCESS: File written: state/workflow-status.json
[2025-10-29T22:04:32.339Z] [INFO] [file-manager] SUCCESS: File written: state/workflow-status.json
[2025-10-29T22:05:31.626Z] [INFO] [file-manager] SUCCESS: File written: src/utils/repeatUtils.ts
[2025-10-29T22:05:31.627Z] [INFO] [file-manager] SUCCESS: File written: src/hooks/useEventForm.ts
[2025-10-29T22:05:31.627Z] [INFO] [file-manager] SUCCESS: File written: src/hooks/useEventOperations.ts
[2025-10-29T22:05:31.628Z] [INFO] [file-manager] SUCCESS: File written: server.js
[2025-10-29T22:05:31.628Z] [INFO] [file-manager] SUCCESS: File written: src/App.tsx
[2025-10-29T22:05:35.111Z] [INFO] [file-manager] SUCCESS: File written: state/workflow-status.json
[2025-10-29T22:05:35.111Z] [INFO] [file-manager] SUCCESS: File written: state/workflow-status.json
[2025-10-29T22:05:35.111Z] [INFO] [file-manager] SUCCESS: File written: state/workflow-status.json
[2025-10-29T23:02:24.754Z] [INFO] [file-manager] SUCCESS: File written: state/workflow-status.json
[2025-10-29T23:02:24.755Z] [INFO] [file-manager] SUCCESS: File written: state/workflow-status.json
[2025-10-29T23:03:11.196Z] [INFO] [file-manager] SUCCESS: File written: docs/spec.md
[2025-10-29T23:03:11.197Z] [INFO] [file-manager] SUCCESS: File written: state/workflow-status.json
[2025-10-29T23:03:11.198Z] [INFO] [file-manager] SUCCESS: File written: state/workflow-status.json
[2025-10-29T23:03:11.198Z] [INFO] [file-manager] SUCCESS: File written: state/workflow-status.json
[2025-10-29T23:03:11.199Z] [INFO] [file-manager] SUCCESS: File written: state/workflow-status.json
[2025-10-29T23:03:47.414Z] [INFO] [file-manager] SUCCESS: File written: src/__tests__/unit/repeatUtils.spec.ts
[2025-10-29T23:03:47.415Z] [INFO] [file-manager] SUCCESS: File written: src/__tests__/unit/dateUtils.spec.ts
[2025-10-29T23:03:50.867Z] [INFO] [file-manager] SUCCESS: File written: state/workflow-status.json
[2025-10-29T23:03:50.867Z] [INFO] [file-manager] SUCCESS: File written: state/workflow-status.json
[2025-10-29T23:03:50.868Z] [INFO] [file-manager] SUCCESS: File written: state/workflow-status.json
[2025-10-29T23:03:50.868Z] [INFO] [file-manager] SUCCESS: File written: state/workflow-status.json
[2025-10-29T23:03:50.869Z] [INFO] [file-manager] SUCCESS: File written: state/workflow-status.json
[2025-10-29T23:04:51.490Z] [INFO] [file-manager] SUCCESS: File written: src/App.tsx
[2025-10-29T23:04:51.490Z] [INFO] [file-manager] SUCCESS: File written: src/hooks/useEventForm.ts
[2025-10-29T23:04:51.491Z] [INFO] [file-manager] SUCCESS: File written: src/hooks/useEventOperations.ts
[2025-10-29T23:04:51.491Z] [INFO] [file-manager] SUCCESS: File written: src/utils/repeatUtils.ts
[2025-10-29T23:04:51.491Z] [INFO] [file-manager] SUCCESS: File written: server.js
[2025-10-29T23:05:01.995Z] [INFO] [file-manager] SUCCESS: File written: state/workflow-status.json
[2025-10-29T23:05:01.996Z] [INFO] [file-manager] SUCCESS: File written: state/workflow-status.json
[2025-10-29T23:05:01.997Z] [INFO] [file-manager] SUCCESS: File written: state/workflow-status.json
