[2025-10-30T12:59:59.067Z] [INFO] [file-manager] SUCCESS: File written: state/workflow-status.json
[2025-10-30T12:59:59.068Z] [INFO] [file-manager] SUCCESS: File written: state/workflow-status.json
[2025-10-30T13:00:37.721Z] [INFO] [file-manager] SUCCESS: File written: state/workflow-status.json
[2025-10-30T13:01:11.593Z] [INFO] [file-manager] SUCCESS: File written: docs/spec.md
[2025-10-30T13:01:11.594Z] [INFO] [file-manager] SUCCESS: File written: state/workflow-status.json
[2025-10-30T13:01:11.595Z] [INFO] [file-manager] SUCCESS: File written: state/workflow-status.json
[2025-10-30T13:01:11.596Z] [INFO] [file-manager] SUCCESS: File written: state/workflow-status.json
[2025-10-30T13:17:41.697Z] [INFO] [file-manager] SUCCESS: File written: state/workflow-status.json
[2025-10-30T13:18:15.213Z] [INFO] [file-manager] SUCCESS: File written: src/__tests__/unit/repeatUtils.spec.ts
[2025-10-30T13:18:15.214Z] [INFO] [file-manager] SUCCESS: File written: src/__tests__/unit/dateUtils.spec.ts
[2025-10-30T13:18:31.451Z] [INFO] [file-manager] SUCCESS: File written: state/workflow-status.json
[2025-10-30T13:18:31.451Z] [INFO] [file-manager] SUCCESS: File written: state/workflow-status.json
[2025-10-30T13:18:31.452Z] [INFO] [file-manager] SUCCESS: File written: state/workflow-status.json
[2025-10-30T13:18:31.452Z] [INFO] [file-manager] SUCCESS: File written: state/workflow-status.json
[2025-10-30T13:22:30.308Z] [INFO] [file-manager] SUCCESS: File written: state/workflow-status.json
[2025-10-30T13:23:44.340Z] [INFO] [file-manager] SUCCESS: File written: src/hooks/useEventOperations.ts
[2025-10-30T13:23:44.341Z] [INFO] [file-manager] SUCCESS: File written: src/utils/repeatUtils.ts
[2025-10-30T13:23:44.342Z] [INFO] [file-manager] SUCCESS: File written: src/hooks/useEventForm.ts
[2025-10-30T13:23:44.343Z] [INFO] [file-manager] SUCCESS: File written: src/App.tsx
[2025-10-30T13:23:44.628Z] [INFO] [file-manager] SUCCESS: File written: state/workflow-status.json
[2025-10-30T13:23:47.371Z] [INFO] [file-manager] SUCCESS: File written: state/workflow-status.json
[2025-10-30T13:23:47.371Z] [INFO] [file-manager] SUCCESS: File written: state/workflow-status.json
[2025-10-30T13:23:47.372Z] [INFO] [file-manager] SUCCESS: File written: state/workflow-status.json
[2025-10-30T13:29:58.149Z] [INFO] [file-manager] SUCCESS: File written: state/workflow-status.json
[2025-10-30T13:30:06.790Z] [INFO] [file-manager] SUCCESS: File written: state/workflow-status.json
[2025-10-30T13:30:37.745Z] [INFO] [file-manager] SUCCESS: File written: docs/spec.md
[2025-10-30T13:30:37.746Z] [INFO] [file-manager] SUCCESS: File written: state/workflow-status.json
[2025-10-30T13:30:37.746Z] [INFO] [file-manager] SUCCESS: File written: state/workflow-status.json
[2025-10-30T13:30:37.747Z] [INFO] [file-manager] SUCCESS: File written: state/workflow-status.json
[2025-10-30T13:30:48.662Z] [INFO] [file-manager] SUCCESS: File written: state/workflow-status.json
[2025-10-30T13:31:23.310Z] [INFO] [file-manager] SUCCESS: File written: src/__tests__/unit/repeatUtils.spec.ts
[2025-10-30T13:31:23.311Z] [INFO] [file-manager] SUCCESS: File written: src/__tests__/hooks/useEventForm.spec.ts
[2025-10-30T13:31:23.311Z] [INFO] [file-manager] SUCCESS: File written: src/__tests__/hooks/useEventOperations.spec.ts
[2025-10-30T13:31:26.506Z] [INFO] [file-manager] SUCCESS: File written: state/workflow-status.json
[2025-10-30T13:31:26.506Z] [INFO] [file-manager] SUCCESS: File written: state/workflow-status.json
[2025-10-30T13:31:26.507Z] [INFO] [file-manager] SUCCESS: File written: state/workflow-status.json
[2025-10-30T13:31:26.507Z] [INFO] [file-manager] SUCCESS: File written: state/workflow-status.json
[2025-10-30T13:31:38.206Z] [INFO] [file-manager] SUCCESS: File written: state/workflow-status.json
[2025-10-30T13:32:41.669Z] [INFO] [file-manager] SUCCESS: File written: src/App.tsx
[2025-10-30T13:32:41.671Z] [INFO] [file-manager] SUCCESS: File written: src/hooks/useEventForm.ts
[2025-10-30T13:32:42.236Z] [INFO] [file-manager] SUCCESS: File written: state/workflow-status.json
[2025-10-30T13:32:47.250Z] [INFO] [file-manager] SUCCESS: File written: state/workflow-status.json
[2025-10-30T13:32:47.251Z] [INFO] [file-manager] SUCCESS: File written: state/workflow-status.json
[2025-10-30T13:32:47.251Z] [INFO] [file-manager] SUCCESS: File written: state/workflow-status.json
[2025-10-30T13:38:21.357Z] [INFO] [file-manager] SUCCESS: File written: state/workflow-status.json
[2025-10-30T13:38:29.028Z] [INFO] [file-manager] SUCCESS: File written: state/workflow-status.json
[2025-10-30T13:39:06.156Z] [INFO] [file-manager] SUCCESS: File written: docs/spec.md
[2025-10-30T13:39:06.157Z] [INFO] [file-manager] SUCCESS: File written: state/workflow-status.json
[2025-10-30T13:39:06.158Z] [INFO] [file-manager] SUCCESS: File written: state/workflow-status.json
[2025-10-30T13:39:06.159Z] [INFO] [file-manager] SUCCESS: File written: state/workflow-status.json
[2025-10-30T13:44:35.381Z] [INFO] [file-manager] SUCCESS: File written: state/workflow-status.json
[2025-10-30T13:45:08.314Z] [INFO] [file-manager] SUCCESS: File written: src/__tests__/unit/repeatUtils.spec.ts
[2025-10-30T13:45:08.315Z] [INFO] [file-manager] SUCCESS: File written: src/__tests__/unit/dateUtils.spec.ts
[2025-10-30T13:45:11.342Z] [INFO] [file-manager] SUCCESS: File written: state/workflow-status.json
[2025-10-30T13:45:11.343Z] [INFO] [file-manager] SUCCESS: File written: state/workflow-status.json
[2025-10-30T13:45:11.343Z] [INFO] [file-manager] SUCCESS: File written: state/workflow-status.json
[2025-10-30T13:45:11.344Z] [INFO] [file-manager] SUCCESS: File written: state/workflow-status.json
[2025-10-30T13:45:36.193Z] [INFO] [file-manager] SUCCESS: File written: state/workflow-status.json
[2025-10-30T13:45:50.012Z] [INFO] [file-manager] SUCCESS: File written: src/utils/index.ts
[2025-10-30T13:45:50.014Z] [INFO] [file-manager] SUCCESS: File written: src/utils/dateUtils.ts
[2025-10-30T13:45:50.256Z] [INFO] [file-manager] SUCCESS: File written: state/workflow-status.json
[2025-10-30T13:45:55.687Z] [INFO] [file-manager] SUCCESS: File written: state/workflow-status.json
[2025-10-30T13:45:55.687Z] [INFO] [file-manager] SUCCESS: File written: state/workflow-status.json
[2025-10-30T13:45:55.687Z] [INFO] [file-manager] SUCCESS: File written: state/workflow-status.json
[2025-10-30T14:06:37.923Z] [INFO] [file-manager] SUCCESS: File written: state/workflow-status.json
[2025-10-30T14:06:44.387Z] [INFO] [file-manager] SUCCESS: File written: state/workflow-status.json
[2025-10-30T14:07:40.362Z] [INFO] [file-manager] SUCCESS: File written: docs/spec.md
[2025-10-30T14:07:40.362Z] [INFO] [file-manager] SUCCESS: File written: state/workflow-status.json
[2025-10-30T14:07:40.363Z] [INFO] [file-manager] SUCCESS: File written: state/workflow-status.json
[2025-10-30T14:07:40.363Z] [INFO] [file-manager] SUCCESS: File written: state/workflow-status.json
[2025-10-30T14:14:40.428Z] [INFO] [file-manager] SUCCESS: File written: state/workflow-status.json
[2025-10-30T14:15:02.643Z] [INFO] [file-manager] SUCCESS: File written: state/workflow-status.json
[2025-10-30T14:15:12.853Z] [INFO] [file-manager] SUCCESS: File written: state/workflow-status.json
[2025-10-30T14:16:12.494Z] [INFO] [file-manager] SUCCESS: File written: docs/spec.md
[2025-10-30T14:16:12.495Z] [INFO] [file-manager] SUCCESS: File written: state/workflow-status.json
[2025-10-30T14:16:12.496Z] [INFO] [file-manager] SUCCESS: File written: state/workflow-status.json
[2025-10-30T14:16:12.497Z] [INFO] [file-manager] SUCCESS: File written: state/workflow-status.json
[2025-10-30T14:29:40.762Z] [INFO] [file-manager] SUCCESS: File written: state/workflow-status.json
[2025-10-30T14:29:46.949Z] [INFO] [file-manager] SUCCESS: File written: state/workflow-status.json
[2025-10-30T14:31:18.238Z] [INFO] [file-manager] SUCCESS: File written: docs/spec.md
[2025-10-30T14:31:18.240Z] [INFO] [file-manager] SUCCESS: File written: state/workflow-status.json
[2025-10-30T14:31:18.242Z] [INFO] [file-manager] SUCCESS: File written: state/workflow-status.json
[2025-10-30T14:31:18.242Z] [INFO] [file-manager] SUCCESS: File written: state/workflow-status.json
[2025-10-30T14:31:37.222Z] [INFO] [file-manager] SUCCESS: File written: state/workflow-status.json
[2025-10-30T14:32:13.380Z] [INFO] [file-manager] SUCCESS: File written: src/__tests__/unit/repeatUtils.spec.ts
[2025-10-30T14:32:13.381Z] [INFO] [file-manager] SUCCESS: File written: src/__tests__/hooks/useEventForm.spec.ts
[2025-10-30T14:32:13.382Z] [INFO] [file-manager] SUCCESS: File written: src/__tests__/hooks/useEventOperations.spec.ts
[2025-10-30T14:32:30.029Z] [INFO] [file-manager] SUCCESS: File written: state/workflow-status.json
[2025-10-30T14:32:30.030Z] [INFO] [file-manager] SUCCESS: File written: state/workflow-status.json
[2025-10-30T14:32:30.031Z] [INFO] [file-manager] SUCCESS: File written: state/workflow-status.json
[2025-10-30T14:32:30.031Z] [INFO] [file-manager] SUCCESS: File written: state/workflow-status.json
[2025-10-30T14:38:48.813Z] [INFO] [file-manager] SUCCESS: File written: state/workflow-status.json
[2025-10-30T14:38:51.588Z] [INFO] [file-manager] SUCCESS: File written: state/workflow-status.json
[2025-10-30T14:40:24.855Z] [INFO] [file-manager] SUCCESS: File written: docs/spec.md
[2025-10-30T14:40:24.858Z] [INFO] [file-manager] SUCCESS: File written: state/workflow-status.json
[2025-10-30T14:40:24.860Z] [INFO] [file-manager] SUCCESS: File written: state/workflow-status.json
[2025-10-30T14:40:24.862Z] [INFO] [file-manager] SUCCESS: File written: state/workflow-status.json
[2025-10-30T14:41:34.207Z] [INFO] [file-manager] SUCCESS: File written: state/workflow-status.json
[2025-10-30T14:42:37.513Z] [INFO] [file-manager] SUCCESS: File written: src/__tests__/unit/repeatUtils.spec.ts
[2025-10-30T14:42:37.514Z] [INFO] [file-manager] SUCCESS: File written: src/__tests__/hooks/useEventForm.spec.ts
[2025-10-30T14:42:37.515Z] [INFO] [file-manager] SUCCESS: File written: src/__tests__/hooks/useEventOperations.spec.ts
[2025-10-30T14:42:54.602Z] [INFO] [file-manager] SUCCESS: File written: state/workflow-status.json
[2025-10-30T14:42:54.602Z] [INFO] [file-manager] SUCCESS: File written: state/workflow-status.json
[2025-10-30T14:42:54.604Z] [INFO] [file-manager] SUCCESS: File written: state/workflow-status.json
[2025-10-30T14:42:54.604Z] [INFO] [file-manager] SUCCESS: File written: state/workflow-status.json
[2025-10-30T14:44:04.149Z] [INFO] [file-manager] SUCCESS: File written: state/workflow-status.json
[2025-10-30T14:44:30.688Z] [INFO] [file-manager] SUCCESS: File written: src/hooks/useEventOperations.ts
[2025-10-30T14:44:30.947Z] [INFO] [file-manager] SUCCESS: File written: state/workflow-status.json
[2025-10-30T14:44:51.290Z] [INFO] [file-manager] SUCCESS: File written: state/workflow-status.json
[2025-10-30T14:44:51.291Z] [INFO] [file-manager] SUCCESS: File written: state/workflow-status.json
[2025-10-30T14:44:51.292Z] [INFO] [file-manager] SUCCESS: File written: state/workflow-status.json
[2025-10-30T15:05:27.910Z] [INFO] [file-manager] SUCCESS: File written: state/workflow-status.json
[2025-10-30T15:05:33.538Z] [INFO] [file-manager] SUCCESS: File written: state/workflow-status.json
[2025-10-30T15:07:09.216Z] [INFO] [file-manager] SUCCESS: File written: docs/spec.md
[2025-10-30T15:07:09.217Z] [INFO] [file-manager] SUCCESS: File written: state/workflow-status.json
[2025-10-30T15:07:09.219Z] [INFO] [file-manager] SUCCESS: File written: state/workflow-status.json
[2025-10-30T15:07:09.221Z] [INFO] [file-manager] SUCCESS: File written: state/workflow-status.json
[2025-10-30T15:07:25.796Z] [INFO] [file-manager] SUCCESS: File written: state/workflow-status.json
[2025-10-30T15:08:22.288Z] [INFO] [file-manager] SUCCESS: File written: src/__tests__/unit/repeatUtils.spec.ts
[2025-10-30T15:08:22.290Z] [INFO] [file-manager] SUCCESS: File written: src/__tests__/hooks/useEventForm.spec.ts
[2025-10-30T15:08:22.291Z] [INFO] [file-manager] SUCCESS: File written: src/__tests__/hooks/useEventOperations.spec.ts
[2025-10-30T15:08:43.395Z] [INFO] [file-manager] SUCCESS: File written: state/workflow-status.json
[2025-10-30T15:08:43.395Z] [INFO] [file-manager] SUCCESS: File written: state/workflow-status.json
[2025-10-30T15:08:43.397Z] [INFO] [file-manager] SUCCESS: File written: state/workflow-status.json
[2025-10-30T15:08:43.397Z] [INFO] [file-manager] SUCCESS: File written: state/workflow-status.json
[2025-10-30T15:09:11.669Z] [INFO] [file-manager] SUCCESS: File written: state/workflow-status.json
[2025-10-30T15:09:48.490Z] [INFO] [file-manager] SUCCESS: File written: src/utils/repeatUtils.ts
[2025-10-30T15:09:48.720Z] [INFO] [file-manager] SUCCESS: File written: state/workflow-status.json
[2025-10-30T15:10:10.579Z] [INFO] [file-manager] SUCCESS: File written: state/workflow-status.json
[2025-10-30T15:10:10.579Z] [INFO] [file-manager] SUCCESS: File written: state/workflow-status.json
[2025-10-30T15:10:10.580Z] [INFO] [file-manager] SUCCESS: File written: state/workflow-status.json
[2025-10-30T15:23:24.219Z] [INFO] [file-manager] SUCCESS: File written: state/workflow-status.json
[2025-10-30T15:23:30.051Z] [INFO] [file-manager] SUCCESS: File written: state/workflow-status.json
[2025-10-30T15:25:09.877Z] [INFO] [file-manager] SUCCESS: File written: docs/spec.md
[2025-10-30T15:25:09.879Z] [INFO] [file-manager] SUCCESS: File written: state/workflow-status.json
[2025-10-30T15:25:09.882Z] [INFO] [file-manager] SUCCESS: File written: state/workflow-status.json
[2025-10-30T15:25:09.883Z] [INFO] [file-manager] SUCCESS: File written: state/workflow-status.json
[2025-10-30T15:25:44.643Z] [INFO] [file-manager] SUCCESS: File written: state/workflow-status.json
[2025-10-30T15:27:04.079Z] [INFO] [file-manager] SUCCESS: File written: src/__tests__/unit/repeatUtils.spec.ts
[2025-10-30T15:27:04.080Z] [INFO] [file-manager] SUCCESS: File written: src/__tests__/hooks/useEventForm.spec.ts
[2025-10-30T15:27:04.081Z] [INFO] [file-manager] SUCCESS: File written: src/__tests__/hooks/useEventOperations.spec.ts
[2025-10-30T15:27:24.922Z] [INFO] [file-manager] SUCCESS: File written: state/workflow-status.json
[2025-10-30T15:27:24.923Z] [INFO] [file-manager] SUCCESS: File written: state/workflow-status.json
[2025-10-30T15:27:24.923Z] [INFO] [file-manager] SUCCESS: File written: state/workflow-status.json
[2025-10-30T15:27:24.924Z] [INFO] [file-manager] SUCCESS: File written: state/workflow-status.json
[2025-10-30T15:27:59.137Z] [INFO] [file-manager] SUCCESS: File written: state/workflow-status.json
[2025-10-30T15:28:32.038Z] [INFO] [file-manager] SUCCESS: File written: state/workflow-status.json
[2025-10-30T15:28:32.040Z] [INFO] [file-manager] SUCCESS: File written: src/__tests__/hooks/useEventOperations.spec.ts
[2025-10-30T15:28:32.041Z] [INFO] [file-manager] SUCCESS: File written: src/hooks/useEventOperations.ts
[2025-10-30T15:28:32.457Z] [INFO] [file-manager] SUCCESS: File written: state/workflow-status.json
[2025-10-30T15:28:53.138Z] [INFO] [file-manager] SUCCESS: File written: state/workflow-status.json
[2025-10-30T15:28:53.139Z] [INFO] [file-manager] SUCCESS: File written: state/workflow-status.json
[2025-10-30T15:28:53.140Z] [INFO] [file-manager] SUCCESS: File written: state/workflow-status.json
[2025-10-30T15:29:39.912Z] [INFO] [file-manager] SUCCESS: File written: state/workflow-status.json
[2025-10-30T15:29:41.600Z] [INFO] [file-manager] SUCCESS: File written: state/workflow-status.json
[2025-10-30T15:31:09.913Z] [INFO] [file-manager] SUCCESS: File written: docs/spec.md
[2025-10-30T15:31:09.915Z] [INFO] [file-manager] SUCCESS: File written: state/workflow-status.json
[2025-10-30T15:31:09.917Z] [INFO] [file-manager] SUCCESS: File written: state/workflow-status.json
[2025-10-30T15:31:09.919Z] [INFO] [file-manager] SUCCESS: File written: state/workflow-status.json
[2025-10-30T15:36:13.030Z] [INFO] [file-manager] SUCCESS: File written: state/workflow-status.json
[2025-10-30T15:37:16.603Z] [INFO] [file-manager] SUCCESS: File written: src/__tests__/unit/repeatUtils.spec.ts
[2025-10-30T15:37:16.604Z] [INFO] [file-manager] SUCCESS: File written: src/__tests__/hooks/useEventForm.spec.ts
[2025-10-30T15:37:16.605Z] [INFO] [file-manager] SUCCESS: File written: src/__tests__/hooks/useEventOperations.spec.ts
[2025-10-30T15:37:33.238Z] [INFO] [file-manager] SUCCESS: File written: state/workflow-status.json
[2025-10-30T15:37:33.239Z] [INFO] [file-manager] SUCCESS: File written: state/workflow-status.json
[2025-10-30T15:37:33.240Z] [INFO] [file-manager] SUCCESS: File written: state/workflow-status.json
[2025-10-30T15:37:33.240Z] [INFO] [file-manager] SUCCESS: File written: state/workflow-status.json
[2025-10-30T15:39:33.737Z] [INFO] [file-manager] SUCCESS: File written: state/workflow-status.json
[2025-10-30T15:40:06.002Z] [INFO] [file-manager] SUCCESS: File written: src/hooks/useEventOperations.ts
[2025-10-30T15:40:06.003Z] [INFO] [file-manager] SUCCESS: File written: src/utils/dateUtils.ts
[2025-10-30T15:40:06.267Z] [INFO] [file-manager] SUCCESS: File written: state/workflow-status.json
[2025-10-30T15:40:12.139Z] [INFO] [file-manager] SUCCESS: File written: state/workflow-status.json
[2025-10-30T15:40:12.140Z] [INFO] [file-manager] SUCCESS: File written: state/workflow-status.json
[2025-10-30T15:40:12.140Z] [INFO] [file-manager] SUCCESS: File written: state/workflow-status.json
[2025-10-30T15:48:19.187Z] [INFO] [file-manager] SUCCESS: File written: state/workflow-status.json
[2025-10-30T15:48:23.496Z] [INFO] [file-manager] SUCCESS: File written: state/workflow-status.json
[2025-10-30T15:50:13.638Z] [INFO] [file-manager] SUCCESS: File written: docs/spec.md
[2025-10-30T15:50:13.639Z] [INFO] [file-manager] SUCCESS: File written: state/workflow-status.json
[2025-10-30T15:50:13.641Z] [INFO] [file-manager] SUCCESS: File written: state/workflow-status.json
[2025-10-30T15:50:13.641Z] [INFO] [file-manager] SUCCESS: File written: state/workflow-status.json
[2025-10-30T15:53:40.800Z] [INFO] [file-manager] SUCCESS: File written: state/workflow-status.json
[2025-10-30T15:54:33.843Z] [INFO] [file-manager] SUCCESS: File written: src/__tests__/unit/repeatUtils.spec.ts
[2025-10-30T15:54:33.844Z] [INFO] [file-manager] SUCCESS: File written: src/__tests__/hooks/useEventForm.spec.ts
[2025-10-30T15:54:33.845Z] [INFO] [file-manager] SUCCESS: File written: src/__tests__/hooks/useEventOperations.spec.ts
[2025-10-30T15:54:50.597Z] [INFO] [file-manager] SUCCESS: File written: state/workflow-status.json
[2025-10-30T15:54:50.597Z] [INFO] [file-manager] SUCCESS: File written: state/workflow-status.json
[2025-10-30T15:54:50.599Z] [INFO] [file-manager] SUCCESS: File written: state/workflow-status.json
[2025-10-30T15:54:50.600Z] [INFO] [file-manager] SUCCESS: File written: state/workflow-status.json
[2025-10-30T15:56:32.007Z] [INFO] [file-manager] SUCCESS: File written: state/workflow-status.json
[2025-10-30T15:57:04.498Z] [INFO] [file-manager] SUCCESS: File written: src/hooks/useEventOperations.ts
[2025-10-30T15:57:04.500Z] [INFO] [file-manager] SUCCESS: File written: src/utils/repeatUtils.ts
[2025-10-30T15:57:04.767Z] [INFO] [file-manager] SUCCESS: File written: state/workflow-status.json
[2025-10-30T15:57:25.853Z] [INFO] [file-manager] SUCCESS: File written: state/workflow-status.json
[2025-10-30T15:57:25.854Z] [INFO] [file-manager] SUCCESS: File written: state/workflow-status.json
[2025-10-30T15:57:25.854Z] [INFO] [file-manager] SUCCESS: File written: state/workflow-status.json
[2025-10-30T16:06:33.391Z] [INFO] [file-manager] SUCCESS: File written: state/workflow-status.json
[2025-10-30T16:06:37.840Z] [INFO] [file-manager] SUCCESS: File written: state/workflow-status.json
[2025-10-30T16:06:37.852Z] [INFO] [file-manager] SUCCESS: File written: state/workflow-status.json
[2025-10-30T16:06:37.859Z] [INFO] [file-manager] SUCCESS: File written: state/workflow-status.json
[2025-10-30T16:08:03.199Z] [INFO] [file-manager] SUCCESS: File written: state/workflow-status.json
[2025-10-30T16:08:04.975Z] [INFO] [file-manager] SUCCESS: File written: state/workflow-status.json
[2025-10-30T16:10:00.444Z] [INFO] [file-manager] SUCCESS: File written: docs/spec.md
[2025-10-30T16:10:00.445Z] [INFO] [file-manager] SUCCESS: File written: state/workflow-status.json
[2025-10-30T16:10:00.448Z] [INFO] [file-manager] SUCCESS: File written: state/workflow-status.json
[2025-10-30T16:10:00.449Z] [INFO] [file-manager] SUCCESS: File written: state/workflow-status.json
[2025-10-30T16:11:41.889Z] [INFO] [file-manager] SUCCESS: File written: state/workflow-status.json
[2025-10-30T16:12:53.525Z] [INFO] [file-manager] SUCCESS: File written: src/__tests__/unit/repeatUtils.spec.ts
[2025-10-30T16:12:53.526Z] [INFO] [file-manager] SUCCESS: File written: src/__tests__/hooks/useEventForm.spec.ts
[2025-10-30T16:12:53.527Z] [INFO] [file-manager] SUCCESS: File written: src/__tests__/hooks/useEventOperations.spec.ts
[2025-10-30T16:12:53.529Z] [INFO] [file-manager] SUCCESS: File written: src/__tests__/integration/repeatEvent.spec.tsx
[2025-10-30T16:13:11.054Z] [INFO] [file-manager] SUCCESS: File written: state/workflow-status.json
[2025-10-30T16:13:11.054Z] [INFO] [file-manager] SUCCESS: File written: state/workflow-status.json
[2025-10-30T16:13:11.055Z] [INFO] [file-manager] SUCCESS: File written: state/workflow-status.json
[2025-10-30T16:13:11.055Z] [INFO] [file-manager] SUCCESS: File written: state/workflow-status.json
[2025-10-30T16:13:40.721Z] [INFO] [file-manager] SUCCESS: File written: state/workflow-status.json
[2025-10-30T16:14:09.094Z] [INFO] [file-manager] SUCCESS: File written: src/utils/repeatUtils.ts
[2025-10-30T16:14:09.096Z] [INFO] [file-manager] SUCCESS: File written: src/hooks/useEventForm.ts
[2025-10-30T16:14:09.339Z] [INFO] [file-manager] SUCCESS: File written: state/workflow-status.json
[2025-10-30T16:14:26.359Z] [INFO] [file-manager] SUCCESS: File written: state/workflow-status.json
[2025-10-30T16:14:26.360Z] [INFO] [file-manager] SUCCESS: File written: state/workflow-status.json
[2025-10-30T16:14:26.360Z] [INFO] [file-manager] SUCCESS: File written: state/workflow-status.json
[2025-10-30T16:21:37.532Z] [INFO] [file-manager] SUCCESS: File written: state/workflow-status.json
[2025-10-30T16:21:42.022Z] [INFO] [file-manager] SUCCESS: File written: state/workflow-status.json
[2025-10-30T16:23:29.738Z] [INFO] [file-manager] SUCCESS: File written: docs/spec.md
[2025-10-30T16:23:29.739Z] [INFO] [file-manager] SUCCESS: File written: state/workflow-status.json
[2025-10-30T16:23:29.741Z] [INFO] [file-manager] SUCCESS: File written: state/workflow-status.json
[2025-10-30T16:23:29.742Z] [INFO] [file-manager] SUCCESS: File written: state/workflow-status.json
[2025-10-30T16:26:38.843Z] [INFO] [file-manager] SUCCESS: File written: state/workflow-status.json
[2025-10-30T16:26:42.174Z] [INFO] [file-manager] SUCCESS: File written: state/workflow-status.json
[2025-10-30T16:28:09.250Z] [INFO] [file-manager] SUCCESS: File written: docs/spec.md
[2025-10-30T16:28:09.251Z] [INFO] [file-manager] SUCCESS: File written: state/workflow-status.json
[2025-10-30T16:28:09.253Z] [INFO] [file-manager] SUCCESS: File written: state/workflow-status.json
[2025-10-30T16:28:09.253Z] [INFO] [file-manager] SUCCESS: File written: state/workflow-status.json
[2025-10-30T16:34:39.948Z] [INFO] [file-manager] SUCCESS: File written: state/workflow-status.json
[2025-10-30T16:34:41.803Z] [INFO] [file-manager] SUCCESS: File written: state/workflow-status.json
[2025-10-30T16:36:22.062Z] [INFO] [file-manager] SUCCESS: File written: docs/spec.md
[2025-10-30T16:36:22.064Z] [INFO] [file-manager] SUCCESS: File written: state/workflow-status.json
[2025-10-30T16:36:22.067Z] [INFO] [file-manager] SUCCESS: File written: state/workflow-status.json
[2025-10-30T16:36:22.069Z] [INFO] [file-manager] SUCCESS: File written: state/workflow-status.json
[2025-10-30T16:37:23.832Z] [INFO] [file-manager] SUCCESS: File written: state/workflow-status.json
[2025-10-30T16:38:32.583Z] [INFO] [file-manager] SUCCESS: File written: src/__tests__/unit/repeatUtils.spec.ts
[2025-10-30T16:38:32.584Z] [INFO] [file-manager] SUCCESS: File written: src/__tests__/hooks/useEventForm.spec.ts
[2025-10-30T16:38:32.585Z] [INFO] [file-manager] SUCCESS: File written: src/__tests__/hooks/useEventOperations.spec.ts
[2025-10-30T16:38:49.531Z] [INFO] [file-manager] SUCCESS: File written: state/workflow-status.json
[2025-10-30T16:38:49.532Z] [INFO] [file-manager] SUCCESS: File written: state/workflow-status.json
[2025-10-30T16:38:49.532Z] [INFO] [file-manager] SUCCESS: File written: state/workflow-status.json
[2025-10-30T16:38:49.533Z] [INFO] [file-manager] SUCCESS: File written: state/workflow-status.json
[2025-10-30T16:39:53.240Z] [INFO] [file-manager] SUCCESS: File written: state/workflow-status.json
[2025-10-30T16:40:30.327Z] [INFO] [file-manager] SUCCESS: File written: src/utils/repeatUtils.ts
[2025-10-30T16:40:30.328Z] [INFO] [file-manager] SUCCESS: File written: src/hooks/useEventForm.ts
[2025-10-30T16:40:30.606Z] [INFO] [file-manager] SUCCESS: File written: state/workflow-status.json
[2025-10-30T16:40:47.590Z] [INFO] [file-manager] SUCCESS: File written: state/workflow-status.json
[2025-10-30T16:40:47.591Z] [INFO] [file-manager] SUCCESS: File written: state/workflow-status.json
[2025-10-30T16:40:47.591Z] [INFO] [file-manager] SUCCESS: File written: state/workflow-status.json
[2025-10-30T16:52:17.176Z] [INFO] [file-manager] SUCCESS: File written: state/workflow-status.json
[2025-10-30T16:52:20.524Z] [INFO] [file-manager] SUCCESS: File written: state/workflow-status.json
[2025-10-30T16:54:09.786Z] [INFO] [file-manager] SUCCESS: File written: docs/spec.md
[2025-10-30T16:54:09.788Z] [INFO] [file-manager] SUCCESS: File written: state/workflow-status.json
[2025-10-30T16:54:09.791Z] [INFO] [file-manager] SUCCESS: File written: state/workflow-status.json
[2025-10-30T16:54:09.793Z] [INFO] [file-manager] SUCCESS: File written: state/workflow-status.json
[2025-10-30T16:55:25.437Z] [INFO] [file-manager] SUCCESS: File written: state/workflow-status.json
[2025-10-30T16:56:19.116Z] [INFO] [file-manager] SUCCESS: File written: src/__tests__/unit/repeatUtils.spec.ts
[2025-10-30T16:56:19.117Z] [INFO] [file-manager] SUCCESS: File written: src/__tests__/hooks/useEventForm.spec.ts
[2025-10-30T16:56:19.117Z] [INFO] [file-manager] SUCCESS: File written: src/__tests__/hooks/useEventOperations.spec.ts
[2025-10-30T16:56:35.567Z] [INFO] [file-manager] SUCCESS: File written: state/workflow-status.json
[2025-10-30T16:56:35.567Z] [INFO] [file-manager] SUCCESS: File written: state/workflow-status.json
[2025-10-30T16:56:35.569Z] [INFO] [file-manager] SUCCESS: File written: state/workflow-status.json
[2025-10-30T16:56:35.569Z] [INFO] [file-manager] SUCCESS: File written: state/workflow-status.json
[2025-10-30T16:57:39.915Z] [INFO] [file-manager] SUCCESS: File written: state/workflow-status.json
[2025-10-30T16:58:17.601Z] [INFO] [file-manager] SUCCESS: File written: src/utils/repeatUtils.ts
[2025-10-30T16:58:17.602Z] [INFO] [file-manager] SUCCESS: File written: src/utils/dateUtils.ts
[2025-10-30T16:58:17.835Z] [INFO] [file-manager] SUCCESS: File written: state/workflow-status.json
[2025-10-30T16:58:23.450Z] [INFO] [file-manager] SUCCESS: File written: state/workflow-status.json
[2025-10-30T16:58:23.451Z] [INFO] [file-manager] SUCCESS: File written: state/workflow-status.json
[2025-10-30T16:58:23.451Z] [INFO] [file-manager] SUCCESS: File written: state/workflow-status.json
[2025-10-30T17:09:27.563Z] [INFO] [file-manager] SUCCESS: File written: state/workflow-status.json
[2025-10-30T17:09:31.250Z] [INFO] [file-manager] SUCCESS: File written: state/workflow-status.json
[2025-10-30T17:09:31.784Z] [INFO] [file-manager] SUCCESS: File written: state/workflow-status.json
[2025-10-30T17:09:31.785Z] [INFO] [file-manager] SUCCESS: File written: state/workflow-status.json
[2025-10-30T17:29:04.973Z] [INFO] [file-manager] SUCCESS: File written: state/workflow-status.json
[2025-10-30T17:29:08.515Z] [INFO] [file-manager] SUCCESS: File written: state/workflow-status.json
[2025-10-30T17:29:08.803Z] [INFO] [file-manager] SUCCESS: File written: state/workflow-status.json
[2025-10-30T17:29:08.805Z] [INFO] [file-manager] SUCCESS: File written: state/workflow-status.json
[2025-10-30T17:37:22.826Z] [INFO] [file-manager] SUCCESS: File written: state/workflow-status.json
[2025-10-30T17:37:26.097Z] [INFO] [file-manager] SUCCESS: File written: state/workflow-status.json
[2025-10-30T17:37:26.350Z] [INFO] [file-manager] SUCCESS: File written: state/workflow-status.json
[2025-10-30T17:37:26.351Z] [INFO] [file-manager] SUCCESS: File written: state/workflow-status.json
