[2025-10-30T12:59:59.067Z] [WARN] [status-tracker] Status file not found: state/workflow-status.json, creating new status
[2025-10-30T12:59:59.068Z] [INFO] [status-tracker] Phase started: SPEC
[2025-10-30T13:01:11.595Z] [INFO] [status-tracker] SUCCESS: Phase completed: SPEC
[2025-10-30T13:01:11.596Z] [INFO] [status-tracker] Phase started: RED
[2025-10-30T13:18:31.452Z] [INFO] [status-tracker] SUCCESS: Phase completed: RED
[2025-10-30T13:18:31.452Z] [INFO] [status-tracker] Phase started: GREEN
[2025-10-30T13:23:44.628Z] [WARN] [status-tracker] Warning logged: Lint 오류 발견됨:
[2025-10-30T13:23:47.371Z] [ERROR] [status-tracker] Error logged: 테스트가 여전히 실패합니다. 구현을 검토하세요.
[2025-10-30T13:29:58.148Z] [INFO] [status-tracker] Workflow status loaded
[2025-10-30T13:29:58.149Z] [INFO] [status-tracker] Phase started: SPEC
[2025-10-30T13:30:37.746Z] [INFO] [status-tracker] SUCCESS: Phase completed: SPEC
[2025-10-30T13:30:37.747Z] [INFO] [status-tracker] Phase started: RED
[2025-10-30T13:31:26.507Z] [INFO] [status-tracker] SUCCESS: Phase completed: RED
[2025-10-30T13:31:26.507Z] [INFO] [status-tracker] Phase started: GREEN
[2025-10-30T13:32:42.236Z] [WARN] [status-tracker] Warning logged: Lint 오류 발견됨:
[2025-10-30T13:32:47.251Z] [ERROR] [status-tracker] Error logged: 테스트가 여전히 실패합니다. 구현을 검토하세요.
[2025-10-30T13:38:21.357Z] [INFO] [status-tracker] Workflow status loaded
[2025-10-30T13:38:21.357Z] [INFO] [status-tracker] Phase started: SPEC
[2025-10-30T13:39:06.158Z] [INFO] [status-tracker] SUCCESS: Phase completed: SPEC
[2025-10-30T13:39:06.159Z] [INFO] [status-tracker] Phase started: RED
[2025-10-30T13:45:11.343Z] [INFO] [status-tracker] SUCCESS: Phase completed: RED
[2025-10-30T13:45:11.344Z] [INFO] [status-tracker] Phase started: GREEN
[2025-10-30T13:45:50.256Z] [WARN] [status-tracker] Warning logged: Lint 오류 발견됨:
[2025-10-30T13:45:55.687Z] [ERROR] [status-tracker] Error logged: 테스트가 여전히 실패합니다. 구현을 검토하세요.
[2025-10-30T14:06:37.923Z] [INFO] [status-tracker] Workflow status loaded
[2025-10-30T14:06:37.923Z] [INFO] [status-tracker] Phase started: SPEC
[2025-10-30T14:07:40.363Z] [INFO] [status-tracker] SUCCESS: Phase completed: SPEC
[2025-10-30T14:07:40.363Z] [INFO] [status-tracker] Phase started: RED
[2025-10-30T14:14:40.427Z] [INFO] [status-tracker] Workflow status loaded
[2025-10-30T14:14:40.428Z] [INFO] [status-tracker] Phase started: SPEC
[2025-10-30T14:15:02.643Z] [INFO] [status-tracker] Workflow status loaded
[2025-10-30T14:15:02.643Z] [INFO] [status-tracker] Phase started: SPEC
[2025-10-30T14:16:12.496Z] [INFO] [status-tracker] SUCCESS: Phase completed: SPEC
[2025-10-30T14:16:12.497Z] [INFO] [status-tracker] Phase started: RED
[2025-10-30T14:23:37.161Z] [INFO] [status-tracker] Workflow status loaded
[2025-10-30T14:23:47.710Z] [INFO] [status-tracker] Workflow status loaded
[2025-10-30T14:28:30.991Z] [INFO] [status-tracker] Workflow status loaded
[2025-10-30T14:29:40.744Z] [INFO] [status-tracker] Workflow status loaded
[2025-10-30T14:29:40.774Z] [INFO] [status-tracker] Phase started: SPEC
[2025-10-30T14:31:18.242Z] [INFO] [status-tracker] SUCCESS: Phase completed: SPEC
[2025-10-30T14:31:18.242Z] [INFO] [status-tracker] Phase started: RED
[2025-10-30T14:32:30.031Z] [INFO] [status-tracker] SUCCESS: Phase completed: RED
[2025-10-30T14:32:30.031Z] [INFO] [status-tracker] Phase started: GREEN
[2025-10-30T14:38:48.812Z] [INFO] [status-tracker] Workflow status loaded
[2025-10-30T14:38:48.813Z] [INFO] [status-tracker] Phase started: SPEC
[2025-10-30T14:40:24.861Z] [INFO] [status-tracker] SUCCESS: Phase completed: SPEC
[2025-10-30T14:40:24.862Z] [INFO] [status-tracker] Phase started: RED
[2025-10-30T14:42:54.604Z] [INFO] [status-tracker] SUCCESS: Phase completed: RED
[2025-10-30T14:42:54.604Z] [INFO] [status-tracker] Phase started: GREEN
[2025-10-30T14:44:30.947Z] [WARN] [status-tracker] Warning logged: Lint 오류 발견됨:
[2025-10-30T14:44:51.291Z] [ERROR] [status-tracker] Error logged: 테스트가 여전히 실패합니다. 구현을 검토하세요.
[2025-10-30T15:05:27.909Z] [INFO] [status-tracker] Workflow status loaded
[2025-10-30T15:05:27.910Z] [INFO] [status-tracker] Phase started: SPEC
[2025-10-30T15:07:09.220Z] [INFO] [status-tracker] SUCCESS: Phase completed: SPEC
[2025-10-30T15:07:09.221Z] [INFO] [status-tracker] Phase started: RED
[2025-10-30T15:08:43.397Z] [INFO] [status-tracker] SUCCESS: Phase completed: RED
[2025-10-30T15:08:43.397Z] [INFO] [status-tracker] Phase started: GREEN
[2025-10-30T15:09:48.721Z] [WARN] [status-tracker] Warning logged: Lint 오류 발견됨:
[2025-10-30T15:10:10.579Z] [ERROR] [status-tracker] Error logged: 테스트가 여전히 실패합니다. 구현을 검토하세요.
[2025-10-30T15:23:24.218Z] [INFO] [status-tracker] Workflow status loaded
[2025-10-30T15:23:24.219Z] [INFO] [status-tracker] Phase started: SPEC
[2025-10-30T15:25:09.882Z] [INFO] [status-tracker] SUCCESS: Phase completed: SPEC
[2025-10-30T15:25:09.883Z] [INFO] [status-tracker] Phase started: RED
[2025-10-30T15:27:24.923Z] [INFO] [status-tracker] SUCCESS: Phase completed: RED
[2025-10-30T15:27:24.924Z] [INFO] [status-tracker] Phase started: GREEN
[2025-10-30T15:28:32.039Z] [WARN] [status-tracker] Warning logged: ⚠️ src/__tests__/hooks/useEventOperations.spec.ts: export 문이 없습니다.
[2025-10-30T15:28:32.457Z] [WARN] [status-tracker] Warning logged: Lint 오류 발견됨:
[2025-10-30T15:28:53.139Z] [ERROR] [status-tracker] Error logged: 테스트가 여전히 실패합니다. 구현을 검토하세요.
[2025-10-30T15:29:39.911Z] [INFO] [status-tracker] Workflow status loaded
[2025-10-30T15:29:39.912Z] [INFO] [status-tracker] Phase started: SPEC
[2025-10-30T15:31:09.917Z] [INFO] [status-tracker] SUCCESS: Phase completed: SPEC
[2025-10-30T15:31:09.919Z] [INFO] [status-tracker] Phase started: RED
[2025-10-30T15:37:33.240Z] [INFO] [status-tracker] SUCCESS: Phase completed: RED
[2025-10-30T15:37:33.240Z] [INFO] [status-tracker] Phase started: GREEN
[2025-10-30T15:40:06.268Z] [WARN] [status-tracker] Warning logged: Lint 오류 발견됨:
[2025-10-30T15:40:12.139Z] [ERROR] [status-tracker] Error logged: 테스트가 여전히 실패합니다. 구현을 검토하세요.
[2025-10-30T15:48:19.186Z] [INFO] [status-tracker] Workflow status loaded
[2025-10-30T15:48:19.187Z] [INFO] [status-tracker] Phase started: SPEC
[2025-10-30T15:50:13.641Z] [INFO] [status-tracker] SUCCESS: Phase completed: SPEC
[2025-10-30T15:50:13.641Z] [INFO] [status-tracker] Phase started: RED
[2025-10-30T15:54:50.599Z] [INFO] [status-tracker] SUCCESS: Phase completed: RED
[2025-10-30T15:54:50.600Z] [INFO] [status-tracker] Phase started: GREEN
[2025-10-30T15:57:04.767Z] [WARN] [status-tracker] Warning logged: Lint 오류 발견됨:
[2025-10-30T15:57:25.854Z] [ERROR] [status-tracker] Error logged: 테스트가 여전히 실패합니다. 구현을 검토하세요.
[2025-10-30T16:06:33.390Z] [INFO] [status-tracker] Workflow status loaded
[2025-10-30T16:06:33.391Z] [INFO] [status-tracker] Phase started: SPEC
[2025-10-30T16:06:37.859Z] [ERROR] [status-tracker] Error logged: spec_agent 실행 실패
[2025-10-30T16:08:03.198Z] [INFO] [status-tracker] Workflow status loaded
[2025-10-30T16:08:03.199Z] [INFO] [status-tracker] Phase started: SPEC
[2025-10-30T16:10:00.448Z] [INFO] [status-tracker] SUCCESS: Phase completed: SPEC
[2025-10-30T16:10:00.449Z] [INFO] [status-tracker] Phase started: RED
[2025-10-30T16:13:11.055Z] [INFO] [status-tracker] SUCCESS: Phase completed: RED
[2025-10-30T16:13:11.055Z] [INFO] [status-tracker] Phase started: GREEN
[2025-10-30T16:14:09.339Z] [WARN] [status-tracker] Warning logged: Lint 오류 발견됨:
[2025-10-30T16:14:26.359Z] [ERROR] [status-tracker] Error logged: 테스트가 여전히 실패합니다. 구현을 검토하세요.
[2025-10-30T16:21:37.532Z] [INFO] [status-tracker] Workflow status loaded
[2025-10-30T16:21:37.532Z] [INFO] [status-tracker] Phase started: SPEC
[2025-10-30T16:23:29.741Z] [INFO] [status-tracker] SUCCESS: Phase completed: SPEC
[2025-10-30T16:23:29.742Z] [INFO] [status-tracker] Phase started: RED
[2025-10-30T16:26:38.843Z] [INFO] [status-tracker] Workflow status loaded
[2025-10-30T16:26:38.844Z] [INFO] [status-tracker] Phase started: SPEC
[2025-10-30T16:28:09.253Z] [INFO] [status-tracker] SUCCESS: Phase completed: SPEC
[2025-10-30T16:28:09.253Z] [INFO] [status-tracker] Phase started: RED
[2025-10-30T16:34:39.947Z] [INFO] [status-tracker] Workflow status loaded
[2025-10-30T16:34:39.948Z] [INFO] [status-tracker] Phase started: SPEC
[2025-10-30T16:36:22.067Z] [INFO] [status-tracker] SUCCESS: Phase completed: SPEC
[2025-10-30T16:36:22.069Z] [INFO] [status-tracker] Phase started: RED
[2025-10-30T16:38:49.532Z] [INFO] [status-tracker] SUCCESS: Phase completed: RED
[2025-10-30T16:38:49.533Z] [INFO] [status-tracker] Phase started: GREEN
[2025-10-30T16:40:30.606Z] [WARN] [status-tracker] Warning logged: Lint 오류 발견됨:
[2025-10-30T16:40:47.590Z] [ERROR] [status-tracker] Error logged: 테스트가 여전히 실패합니다. 구현을 검토하세요.
[2025-10-30T16:52:17.176Z] [INFO] [status-tracker] Workflow status loaded
[2025-10-30T16:52:17.176Z] [INFO] [status-tracker] Phase started: SPEC
[2025-10-30T16:54:09.791Z] [INFO] [status-tracker] SUCCESS: Phase completed: SPEC
[2025-10-30T16:54:09.793Z] [INFO] [status-tracker] Phase started: RED
[2025-10-30T16:56:35.569Z] [INFO] [status-tracker] SUCCESS: Phase completed: RED
[2025-10-30T16:56:35.569Z] [INFO] [status-tracker] Phase started: GREEN
[2025-10-30T16:58:17.835Z] [WARN] [status-tracker] Warning logged: Lint 오류 발견됨:
[2025-10-30T16:58:23.450Z] [ERROR] [status-tracker] Error logged: 테스트가 여전히 실패합니다. 구현을 검토하세요.
[2025-10-30T17:09:27.563Z] [INFO] [status-tracker] Workflow status loaded
[2025-10-30T17:09:27.563Z] [INFO] [status-tracker] Phase started: SPEC
[2025-10-30T17:09:31.785Z] [ERROR] [status-tracker] Error logged: spec_agent 실행 실패
[2025-10-30T17:29:04.972Z] [INFO] [status-tracker] Workflow status loaded
[2025-10-30T17:29:04.973Z] [INFO] [status-tracker] Phase started: SPEC
[2025-10-30T17:29:08.805Z] [ERROR] [status-tracker] Error logged: spec_agent 실행 실패
[2025-10-30T17:37:22.825Z] [INFO] [status-tracker] Workflow status loaded
[2025-10-30T17:37:22.827Z] [INFO] [status-tracker] Phase started: SPEC
[2025-10-30T17:37:26.351Z] [ERROR] [status-tracker] Error logged: spec_agent 실행 실패
